Using pre-set license
Built from '2020.3/staging' branch; Version is '2020.3.9f1 (108be757e447) revision 1084391'; Using compiler version '192528614'; Build Type 'Release'
OS: 'Windows 10 Pro; OS build 19043.985; Version 2009; 64bit' Language: 'ru' Physical Memory: 6037 MB
BatchMode: 1, IsHumanControllingUs: 0, StartBugReporterOnCrash: 0, Is64bit: 1, IsPro: 0

 COMMAND LINE ARGUMENTS:
C:\Program Files\Unity\Hub\Editor\2020.3.9f1\Editor\Unity.exe
-adb2
-batchMode
-noUpm
-name
AssetImportWorker0
-projectPath
C:/Users/Пользователь/MainProject
-logFile
Logs/AssetImportWorker0.log
-srvPort
58970
Successfully changed project path to: C:/Users/Пользователь/MainProject
C:/Users/Пользователь/MainProject
Using Asset Import Pipeline V2.
Refreshing native plugins compatible for Editor in 45.70 ms, found 0 plugins.
Preloading 0 native plugins for Editor in 0.00 ms.
Initialize engine version: 2020.3.9f1 (108be757e447)
[Subsystems] Discovering subsystems at path C:/Program Files/Unity/Hub/Editor/2020.3.9f1/Editor/Data/Resources/UnitySubsystems
[Subsystems] Discovering subsystems at path C:/Users/Пользователь/MainProject/Assets
GfxDevice: creating device client; threaded=0
Direct3D:
    Version:  Direct3D 11.0 [level 11.1]
    Renderer: AMD Radeon(TM) Vega 8 Graphics (ID=0x15dd)
    Vendor:   
    VRAM:     3018 MB
    Driver:   24.20.12044.2001
Initialize mono
Mono path[0] = 'C:/Program Files/Unity/Hub/Editor/2020.3.9f1/Editor/Data/Managed'
Mono path[1] = 'C:/Program Files/Unity/Hub/Editor/2020.3.9f1/Editor/Data/MonoBleedingEdge/lib/mono/unityjit'
Mono config path = 'C:/Program Files/Unity/Hub/Editor/2020.3.9f1/Editor/Data/MonoBleedingEdge/etc'
Using monoOptions --debugger-agent=transport=dt_socket,embedding=1,server=y,suspend=n,address=127.0.0.1:56964
Begin MonoManager ReloadAssembly
Registering precompiled unity dll's ...
Register platform support module: C:/Program Files/Unity/Hub/Editor/2020.3.9f1/Editor/Data/PlaybackEngines/WindowsStandaloneSupport/UnityEditor.WindowsStandalone.Extensions.dll
Registered in 0.003485 seconds.
Native extension for WindowsStandalone target not found
Refreshing native plugins compatible for Editor in 107.14 ms, found 0 plugins.
Preloading 0 native plugins for Editor in 0.00 ms.
Unable to find bridge dll in registry for Microsoft Visual Studio Tools for Unity for C:\Program Files (x86)\Microsoft Visual Studio\2019\Community\Common7\IDE\devenv.exe
Mono: successfully reloaded assembly
- Completed reload, in  2.949 seconds
Platform modules already initialized, skipping
Registering precompiled user dll's ...
Registered in 0.002238 seconds.
Begin MonoManager ReloadAssembly
Native extension for WindowsStandalone target not found
Refreshing native plugins compatible for Editor in 0.36 ms, found 0 plugins.
Preloading 0 native plugins for Editor in 0.00 ms.
Mono: successfully reloaded assembly
- Completed reload, in  1.803 seconds
Platform modules already initialized, skipping
========================================================================
Worker process is ready to serve import requests
Launched and connected shader compiler UnityShaderCompiler.exe after 0.12 seconds
Refreshing native plugins compatible for Editor in 0.56 ms, found 0 plugins.
Preloading 0 native plugins for Editor in 0.00 ms.
Unloading 1115 Unused Serialized files (Serialized files now loaded: 0)
System memory in use before: 57.2 MB.
System memory in use after: 57.2 MB.

Unloading 10 unused Assets to reduce memory usage. Loaded Objects now: 1557.
Total: 6.381600 ms (FindLiveObjects: 0.546800 ms CreateObjectMapping: 0.211200 ms MarkObjects: 5.280200 ms  DeleteObjects: 0.339100 ms)

========================================================================
Received Import Request.
  path: Assets
  artifactKey: Guid(00000000000000001000000000000000) Importer(815301076,1909f56bfc062723c751e8b465ee728b)
Start importing Assets using Guid(00000000000000001000000000000000) Importer(815301076,1909f56bfc062723c751e8b465ee728b)  -> (artifact id: '42d402b061de3733987d63b9cc3b64de') in 0.010942 seconds
  Import took 0.015419 seconds .

========================================================================
Received Import Request.
  Time since last request: 5.483320 seconds.
  path: Assets/Red Color.mat
  artifactKey: Guid(acde98f08c7f41e43b18a5180fb2ba34) Importer(815301076,1909f56bfc062723c751e8b465ee728b)
Start importing Assets/Red Color.mat using Guid(acde98f08c7f41e43b18a5180fb2ba34) Importer(815301076,1909f56bfc062723c751e8b465ee728b)  -> (artifact id: 'a3de8ef59d687cc77c751fe4bd44bb3a') in 0.359530 seconds
  Import took 0.368297 seconds .

========================================================================
Received Import Request.
  Time since last request: 29.243734 seconds.
  path: Assets/Scripts
  artifactKey: Guid(ce40e3344642ef24783c38c4307f62f5) Importer(815301076,1909f56bfc062723c751e8b465ee728b)
Start importing Assets/Scripts using Guid(ce40e3344642ef24783c38c4307f62f5) Importer(815301076,1909f56bfc062723c751e8b465ee728b)  -> (artifact id: 'cae4c1bab6bb58dd379b52f031a756fd') in 0.006955 seconds
  Import took 0.011261 seconds .

========================================================================
Received Import Request.
  Time since last request: 0.001739 seconds.
  path: Assets/Scripts
  artifactKey: Guid(ce40e3344642ef24783c38c4307f62f5) Importer(815301076,1909f56bfc062723c751e8b465ee728b)
Start importing Assets/Scripts using Guid(ce40e3344642ef24783c38c4307f62f5) Importer(815301076,1909f56bfc062723c751e8b465ee728b)  -> (artifact id: 'cae4c1bab6bb58dd379b52f031a756fd') in 0.003526 seconds
  Import took 0.006958 seconds .

========================================================================
Received Import Request.
  Time since last request: 16.396431 seconds.
  path: Assets/Scripts/CharacterContol.cs
  artifactKey: Guid(b0e317672596cf14e90edc5a2bc967de) Importer(815301076,1909f56bfc062723c751e8b465ee728b)
Start importing Assets/Scripts/CharacterContol.cs using Guid(b0e317672596cf14e90edc5a2bc967de) Importer(815301076,1909f56bfc062723c751e8b465ee728b)  -> (artifact id: 'eba3fc8d105bd98961e6024d3ea9ce5c') in 0.015895 seconds
  Import took 0.019601 seconds .

========================================================================
Received Import Request.
  Time since last request: 0.002696 seconds.
  path: Assets/Scripts/CharacterContol.cs
  artifactKey: Guid(b0e317672596cf14e90edc5a2bc967de) Importer(815301076,1909f56bfc062723c751e8b465ee728b)
Start importing Assets/Scripts/CharacterContol.cs using Guid(b0e317672596cf14e90edc5a2bc967de) Importer(815301076,1909f56bfc062723c751e8b465ee728b)  -> (artifact id: 'eba3fc8d105bd98961e6024d3ea9ce5c') in 0.003311 seconds
  Import took 0.006046 seconds .

========================================================================
Received Prepare
Registering precompiled user dll's ...
Registered in 0.000993 seconds.
Begin MonoManager ReloadAssembly
Native extension for WindowsStandalone target not found
Refreshing native plugins compatible for Editor in 0.29 ms, found 0 plugins.
Preloading 0 native plugins for Editor in 0.00 ms.
Mono: successfully reloaded assembly
- Completed reload, in  1.555 seconds
Platform modules already initialized, skipping
Refreshing native plugins compatible for Editor in 0.31 ms, found 0 plugins.
Preloading 0 native plugins for Editor in 0.00 ms.
Unloading 1111 Unused Serialized files (Serialized files now loaded: 0)
System memory in use before: 60.4 MB.
System memory in use after: 60.5 MB.

Unloading 5 unused Assets to reduce memory usage. Loaded Objects now: 1601.
Total: 3.755100 ms (FindLiveObjects: 0.250800 ms CreateObjectMapping: 0.060400 ms MarkObjects: 3.356700 ms  DeleteObjects: 0.084200 ms)

========================================================================
Received Prepare
Registering precompiled user dll's ...
Registered in 0.002412 seconds.
Begin MonoManager ReloadAssembly
Native extension for WindowsStandalone target not found
Refreshing native plugins compatible for Editor in 0.43 ms, found 0 plugins.
Preloading 0 native plugins for Editor in 0.00 ms.
Mono: successfully reloaded assembly
- Completed reload, in  1.501 seconds
Platform modules already initialized, skipping
Refreshing native plugins compatible for Editor in 0.38 ms, found 0 plugins.
Preloading 0 native plugins for Editor in 0.00 ms.
Unloading 1111 Unused Serialized files (Serialized files now loaded: 0)
System memory in use before: 60.5 MB.
System memory in use after: 60.5 MB.

Unloading 5 unused Assets to reduce memory usage. Loaded Objects now: 1604.
Total: 4.165500 ms (FindLiveObjects: 0.291200 ms CreateObjectMapping: 0.076100 ms MarkObjects: 3.670900 ms  DeleteObjects: 0.124100 ms)

========================================================================
Received Import Request.
  Time since last request: 184.089746 seconds.
  path: Assets/Scripts/CharacterContol.cs
  artifactKey: Guid(b0e317672596cf14e90edc5a2bc967de) Importer(815301076,1909f56bfc062723c751e8b465ee728b)
Start importing Assets/Scripts/CharacterContol.cs using Guid(b0e317672596cf14e90edc5a2bc967de) Importer(815301076,1909f56bfc062723c751e8b465ee728b)  -> (artifact id: 'f967634ec65845c99a44f4ed06102430') in 0.009120 seconds
  Import took 0.013127 seconds .

========================================================================
Received Prepare
Registering precompiled user dll's ...
Registered in 0.001684 seconds.
Begin MonoManager ReloadAssembly
Native extension for WindowsStandalone target not found
Refreshing native plugins compatible for Editor in 0.31 ms, found 0 plugins.
Preloading 0 native plugins for Editor in 0.00 ms.
Mono: successfully reloaded assembly
- Completed reload, in  1.455 seconds
Platform modules already initialized, skipping
Refreshing native plugins compatible for Editor in 0.36 ms, found 0 plugins.
Preloading 0 native plugins for Editor in 0.00 ms.
Unloading 1111 Unused Serialized files (Serialized files now loaded: 0)
System memory in use before: 60.5 MB.
System memory in use after: 60.5 MB.

Unloading 5 unused Assets to reduce memory usage. Loaded Objects now: 1607.
Total: 3.371400 ms (FindLiveObjects: 0.245500 ms CreateObjectMapping: 0.068000 ms MarkObjects: 2.940400 ms  DeleteObjects: 0.114700 ms)

========================================================================
Received Import Request.
  Time since last request: 27.165013 seconds.
  path: Assets/Scripts/CharacterContol.cs
  artifactKey: Guid(b0e317672596cf14e90edc5a2bc967de) Importer(815301076,1909f56bfc062723c751e8b465ee728b)
Start importing Assets/Scripts/CharacterContol.cs using Guid(b0e317672596cf14e90edc5a2bc967de) Importer(815301076,1909f56bfc062723c751e8b465ee728b)  -> (artifact id: 'e0277b46a905323e156580841b3a13ff') in 0.011168 seconds
  Import took 0.017102 seconds .

========================================================================
Received Import Request.
  Time since last request: 398.363831 seconds.
  path: Assets/Scripts/CharacterContol.cs
  artifactKey: Guid(b0e317672596cf14e90edc5a2bc967de) Importer(815301076,1909f56bfc062723c751e8b465ee728b)
Start importing Assets/Scripts/CharacterContol.cs using Guid(b0e317672596cf14e90edc5a2bc967de) Importer(815301076,1909f56bfc062723c751e8b465ee728b)  -> (artifact id: '8d0ae9bf53e11d242f8baa167066768f') in 0.006363 seconds
  Import took 0.010820 seconds .

========================================================================
Received Import Request.
  Time since last request: 0.003807 seconds.
  path: Assets/Scripts/CharacterContol.cs
  artifactKey: Guid(b0e317672596cf14e90edc5a2bc967de) Importer(815301076,1909f56bfc062723c751e8b465ee728b)
Start importing Assets/Scripts/CharacterContol.cs using Guid(b0e317672596cf14e90edc5a2bc967de) Importer(815301076,1909f56bfc062723c751e8b465ee728b)  -> (artifact id: '8d0ae9bf53e11d242f8baa167066768f') in 0.007189 seconds
  Import took 0.011598 seconds .

========================================================================
Received Import Request.
  Time since last request: 153.462723 seconds.
  path: Assets/Scripts/CharacterContol.cs
  artifactKey: Guid(b0e317672596cf14e90edc5a2bc967de) Importer(815301076,1909f56bfc062723c751e8b465ee728b)
Start importing Assets/Scripts/CharacterContol.cs using Guid(b0e317672596cf14e90edc5a2bc967de) Importer(815301076,1909f56bfc062723c751e8b465ee728b)  -> (artifact id: '44dbc2a2d2be0954d546c0ad6147f4a0') in 0.004970 seconds
  Import took 0.009774 seconds .

========================================================================
Received Prepare
Registering precompiled user dll's ...
Registered in 0.000983 seconds.
Begin MonoManager ReloadAssembly
Native extension for WindowsStandalone target not found
Refreshing native plugins compatible for Editor in 0.44 ms, found 0 plugins.
Preloading 0 native plugins for Editor in 0.00 ms.
Mono: successfully reloaded assembly
- Completed reload, in  1.515 seconds
Platform modules already initialized, skipping
Refreshing native plugins compatible for Editor in 0.36 ms, found 0 plugins.
Preloading 0 native plugins for Editor in 0.00 ms.
Unloading 1111 Unused Serialized files (Serialized files now loaded: 0)
System memory in use before: 60.5 MB.
System memory in use after: 60.5 MB.

Unloading 5 unused Assets to reduce memory usage. Loaded Objects now: 1610.
Total: 3.470100 ms (FindLiveObjects: 0.285100 ms CreateObjectMapping: 0.075600 ms MarkObjects: 3.020100 ms  DeleteObjects: 0.086800 ms)

========================================================================
Received Import Request.
  Time since last request: 66.583172 seconds.
  path: Assets/Scripts/CharacterContol.cs
  artifactKey: Guid(b0e317672596cf14e90edc5a2bc967de) Importer(815301076,1909f56bfc062723c751e8b465ee728b)
Start importing Assets/Scripts/CharacterContol.cs using Guid(b0e317672596cf14e90edc5a2bc967de) Importer(815301076,1909f56bfc062723c751e8b465ee728b)  -> (artifact id: '17d01c56f6aeb1da15c0bf1a2797defe') in 0.006328 seconds
  Import took 0.010044 seconds .

========================================================================
Received Prepare
Registering precompiled user dll's ...
Registered in 0.001808 seconds.
Begin MonoManager ReloadAssembly
Native extension for WindowsStandalone target not found
Refreshing native plugins compatible for Editor in 0.31 ms, found 0 plugins.
Preloading 0 native plugins for Editor in 0.00 ms.
Mono: successfully reloaded assembly
- Completed reload, in  1.659 seconds
Platform modules already initialized, skipping
Refreshing native plugins compatible for Editor in 0.29 ms, found 0 plugins.
Preloading 0 native plugins for Editor in 0.00 ms.
Unloading 1111 Unused Serialized files (Serialized files now loaded: 0)
System memory in use before: 60.5 MB.
System memory in use after: 60.6 MB.

Unloading 5 unused Assets to reduce memory usage. Loaded Objects now: 1613.
Total: 3.132200 ms (FindLiveObjects: 0.252600 ms CreateObjectMapping: 0.061800 ms MarkObjects: 2.727700 ms  DeleteObjects: 0.087900 ms)

========================================================================
Received Import Request.
  Time since last request: 179.280169 seconds.
  path: Assets/Scripts/CharacterContol.cs
  artifactKey: Guid(b0e317672596cf14e90edc5a2bc967de) Importer(815301076,1909f56bfc062723c751e8b465ee728b)
Start importing Assets/Scripts/CharacterContol.cs using Guid(b0e317672596cf14e90edc5a2bc967de) Importer(815301076,1909f56bfc062723c751e8b465ee728b)  -> (artifact id: '20f04f4efdc92440ff8542a905df00cd') in 0.007783 seconds
  Import took 0.011338 seconds .

========================================================================
Received Import Request.
  Time since last request: 199.539981 seconds.
  path: Assets/Scripts/CharacterContol.cs
  artifactKey: Guid(b0e317672596cf14e90edc5a2bc967de) Importer(815301076,1909f56bfc062723c751e8b465ee728b)
Start importing Assets/Scripts/CharacterContol.cs using Guid(b0e317672596cf14e90edc5a2bc967de) Importer(815301076,1909f56bfc062723c751e8b465ee728b)  -> (artifact id: 'ae7da55f48b3a4603fb04012c3117bb4') in 0.006400 seconds
  Import took 0.011466 seconds .

========================================================================
Received Import Request.
  Time since last request: 0.062726 seconds.
  path: Assets/Scripts/CharacterContol.cs
  artifactKey: Guid(b0e317672596cf14e90edc5a2bc967de) Importer(815301076,1909f56bfc062723c751e8b465ee728b)
Start importing Assets/Scripts/CharacterContol.cs using Guid(b0e317672596cf14e90edc5a2bc967de) Importer(815301076,1909f56bfc062723c751e8b465ee728b)  -> (artifact id: 'ae7da55f48b3a4603fb04012c3117bb4') in 0.006101 seconds
  Import took 0.010329 seconds .

========================================================================
Received Prepare
Registering precompiled user dll's ...
Registered in 0.001563 seconds.
Begin MonoManager ReloadAssembly
Native extension for WindowsStandalone target not found
Refreshing native plugins compatible for Editor in 0.81 ms, found 0 plugins.
Preloading 0 native plugins for Editor in 0.00 ms.
Mono: successfully reloaded assembly
- Completed reload, in  1.694 seconds
Platform modules already initialized, skipping
Refreshing native plugins compatible for Editor in 0.29 ms, found 0 plugins.
Preloading 0 native plugins for Editor in 0.00 ms.
Unloading 1111 Unused Serialized files (Serialized files now loaded: 0)
System memory in use before: 60.5 MB.
System memory in use after: 60.6 MB.

Unloading 5 unused Assets to reduce memory usage. Loaded Objects now: 1616.
Total: 3.311600 ms (FindLiveObjects: 0.219900 ms CreateObjectMapping: 0.039500 ms MarkObjects: 2.965100 ms  DeleteObjects: 0.085300 ms)

========================================================================
Received Import Request.
  Time since last request: 15.949157 seconds.
  path: Assets/Scripts/CharacterContol.cs
  artifactKey: Guid(b0e317672596cf14e90edc5a2bc967de) Importer(815301076,1909f56bfc062723c751e8b465ee728b)
Start importing Assets/Scripts/CharacterContol.cs using Guid(b0e317672596cf14e90edc5a2bc967de) Importer(815301076,1909f56bfc062723c751e8b465ee728b)  -> (artifact id: '0b6f40e8aff5141ce2cac488363221dd') in 0.008169 seconds
  Import took 0.013145 seconds .

========================================================================
Received Import Request.
  Time since last request: 0.004720 seconds.
  path: Assets/Scripts/CharacterContol.cs
  artifactKey: Guid(b0e317672596cf14e90edc5a2bc967de) Importer(815301076,1909f56bfc062723c751e8b465ee728b)
Start importing Assets/Scripts/CharacterContol.cs using Guid(b0e317672596cf14e90edc5a2bc967de) Importer(815301076,1909f56bfc062723c751e8b465ee728b)  -> (artifact id: '0b6f40e8aff5141ce2cac488363221dd') in 0.004232 seconds
  Import took 0.008407 seconds .

========================================================================
Received Prepare
Registering precompiled user dll's ...
Registered in 0.001982 seconds.
Begin MonoManager ReloadAssembly
Native extension for WindowsStandalone target not found
Refreshing native plugins compatible for Editor in 0.73 ms, found 0 plugins.
Preloading 0 native plugins for Editor in 0.00 ms.
Mono: successfully reloaded assembly
- Completed reload, in  1.912 seconds
Platform modules already initialized, skipping
Refreshing native plugins compatible for Editor in 0.60 ms, found 0 plugins.
Preloading 0 native plugins for Editor in 0.00 ms.
Unloading 1111 Unused Serialized files (Serialized files now loaded: 0)
System memory in use before: 60.5 MB.
System memory in use after: 60.6 MB.

Unloading 5 unused Assets to reduce memory usage. Loaded Objects now: 1619.
Total: 4.704600 ms (FindLiveObjects: 0.304000 ms CreateObjectMapping: 0.075000 ms MarkObjects: 4.203500 ms  DeleteObjects: 0.118800 ms)

========================================================================
Received Prepare
Registering precompiled user dll's ...
Registered in 0.002155 seconds.
Begin MonoManager ReloadAssembly
Native extension for WindowsStandalone target not found
Refreshing native plugins compatible for Editor in 0.50 ms, found 0 plugins.
Preloading 0 native plugins for Editor in 0.00 ms.
Mono: successfully reloaded assembly
- Completed reload, in  1.760 seconds
Platform modules already initialized, skipping
Refreshing native plugins compatible for Editor in 0.41 ms, found 0 plugins.
Preloading 0 native plugins for Editor in 0.00 ms.
Unloading 1111 Unused Serialized files (Serialized files now loaded: 0)
System memory in use before: 60.5 MB.
System memory in use after: 60.6 MB.

Unloading 5 unused Assets to reduce memory usage. Loaded Objects now: 1622.
Total: 3.810800 ms (FindLiveObjects: 0.491800 ms CreateObjectMapping: 0.081400 ms MarkObjects: 3.132600 ms  DeleteObjects: 0.102800 ms)

========================================================================
Received Prepare
Registering precompiled user dll's ...
Registered in 0.001183 seconds.
Begin MonoManager ReloadAssembly
Native extension for WindowsStandalone target not found
Refreshing native plugins compatible for Editor in 0.35 ms, found 0 plugins.
Preloading 0 native plugins for Editor in 0.00 ms.
Mono: successfully reloaded assembly
- Completed reload, in  1.705 seconds
Platform modules already initialized, skipping
Refreshing native plugins compatible for Editor in 0.28 ms, found 0 plugins.
Preloading 0 native plugins for Editor in 0.00 ms.
Unloading 1111 Unused Serialized files (Serialized files now loaded: 0)
System memory in use before: 60.6 MB.
System memory in use after: 60.6 MB.

Unloading 5 unused Assets to reduce memory usage. Loaded Objects now: 1625.
Total: 3.976400 ms (FindLiveObjects: 0.279400 ms CreateObjectMapping: 0.084200 ms MarkObjects: 3.490500 ms  DeleteObjects: 0.119200 ms)

========================================================================
Received Prepare
Registering precompiled user dll's ...
Registered in 0.002211 seconds.
Begin MonoManager ReloadAssembly
Native extension for WindowsStandalone target not found
Refreshing native plugins compatible for Editor in 0.42 ms, found 0 plugins.
Preloading 0 native plugins for Editor in 0.00 ms.
Mono: successfully reloaded assembly
- Completed reload, in  1.898 seconds
Platform modules already initialized, skipping
Refreshing native plugins compatible for Editor in 0.35 ms, found 0 plugins.
Preloading 0 native plugins for Editor in 0.00 ms.
Unloading 1111 Unused Serialized files (Serialized files now loaded: 0)
System memory in use before: 60.6 MB.
System memory in use after: 60.6 MB.

Unloading 5 unused Assets to reduce memory usage. Loaded Objects now: 1628.
Total: 4.705500 ms (FindLiveObjects: 0.388800 ms CreateObjectMapping: 0.058000 ms MarkObjects: 4.126600 ms  DeleteObjects: 0.129200 ms)

========================================================================
Received Prepare
Registering precompiled user dll's ...
Registered in 0.001106 seconds.
Begin MonoManager ReloadAssembly
Native extension for WindowsStandalone target not found
Refreshing native plugins compatible for Editor in 0.70 ms, found 0 plugins.
Preloading 0 native plugins for Editor in 0.00 ms.
Mono: successfully reloaded assembly
- Completed reload, in  1.822 seconds
Platform modules already initialized, skipping
Refreshing native plugins compatible for Editor in 0.43 ms, found 0 plugins.
Preloading 0 native plugins for Editor in 0.00 ms.
Unloading 1111 Unused Serialized files (Serialized files now loaded: 0)
System memory in use before: 60.6 MB.
System memory in use after: 60.6 MB.

Unloading 5 unused Assets to reduce memory usage. Loaded Objects now: 1631.
Total: 3.924400 ms (FindLiveObjects: 0.382500 ms CreateObjectMapping: 0.079400 ms MarkObjects: 3.297100 ms  DeleteObjects: 0.161700 ms)

========================================================================
Received Prepare
Registering precompiled user dll's ...
Registered in 0.001868 seconds.
Begin MonoManager ReloadAssembly
Native extension for WindowsStandalone target not found
Refreshing native plugins compatible for Editor in 0.26 ms, found 0 plugins.
Preloading 0 native plugins for Editor in 0.00 ms.
Mono: successfully reloaded assembly
- Completed reload, in  1.492 seconds
Platform modules already initialized, skipping
Refreshing native plugins compatible for Editor in 0.32 ms, found 0 plugins.
Preloading 0 native plugins for Editor in 0.00 ms.
Unloading 1111 Unused Serialized files (Serialized files now loaded: 0)
System memory in use before: 60.6 MB.
System memory in use after: 60.6 MB.

Unloading 5 unused Assets to reduce memory usage. Loaded Objects now: 1634.
Total: 2.957100 ms (FindLiveObjects: 0.228600 ms CreateObjectMapping: 0.048100 ms MarkObjects: 2.583500 ms  DeleteObjects: 0.094900 ms)

========================================================================
Received Prepare
Registering precompiled user dll's ...
Registered in 0.001479 seconds.
Begin MonoManager ReloadAssembly
Native extension for WindowsStandalone target not found
Refreshing native plugins compatible for Editor in 0.34 ms, found 0 plugins.
Preloading 0 native plugins for Editor in 0.00 ms.
Mono: successfully reloaded assembly
- Completed reload, in  1.640 seconds
Platform modules already initialized, skipping
Refreshing native plugins compatible for Editor in 0.26 ms, found 0 plugins.
Preloading 0 native plugins for Editor in 0.00 ms.
Unloading 1111 Unused Serialized files (Serialized files now loaded: 0)
System memory in use before: 60.6 MB.
System memory in use after: 60.6 MB.

Unloading 5 unused Assets to reduce memory usage. Loaded Objects now: 1637.
Total: 4.184900 ms (FindLiveObjects: 0.471100 ms CreateObjectMapping: 0.110500 ms MarkObjects: 3.483100 ms  DeleteObjects: 0.116900 ms)

========================================================================
Received Prepare
Registering precompiled user dll's ...
Registered in 0.002181 seconds.
Begin MonoManager ReloadAssembly
Native extension for WindowsStandalone target not found
Refreshing native plugins compatible for Editor in 0.39 ms, found 0 plugins.
Preloading 0 native plugins for Editor in 0.00 ms.
Mono: successfully reloaded assembly
- Completed reload, in  1.759 seconds
Platform modules already initialized, skipping
Refreshing native plugins compatible for Editor in 0.45 ms, found 0 plugins.
Preloading 0 native plugins for Editor in 0.00 ms.
Unloading 1111 Unused Serialized files (Serialized files now loaded: 0)
System memory in use before: 60.6 MB.
System memory in use after: 60.7 MB.

Unloading 5 unused Assets to reduce memory usage. Loaded Objects now: 1640.
Total: 3.810700 ms (FindLiveObjects: 0.315900 ms CreateObjectMapping: 0.066700 ms MarkObjects: 3.313500 ms  DeleteObjects: 0.112200 ms)

========================================================================
Received Import Request.
  Time since last request: 1017.317522 seconds.
  path: Assets/Scripts/MouseLook.cs
  artifactKey: Guid(8c574064ad5e37d45b3f3a4f450b7a72) Importer(815301076,1909f56bfc062723c751e8b465ee728b)
Start importing Assets/Scripts/MouseLook.cs using Guid(8c574064ad5e37d45b3f3a4f450b7a72) Importer(815301076,1909f56bfc062723c751e8b465ee728b)  -> (artifact id: '10171b2ea96ae5312ef6dac8e2d3bcc3') in 0.009109 seconds
  Import took 0.013802 seconds .

========================================================================
Received Prepare
Registering precompiled user dll's ...
Registered in 0.001182 seconds.
Begin MonoManager ReloadAssembly
Native extension for WindowsStandalone target not found
Refreshing native plugins compatible for Editor in 0.32 ms, found 0 plugins.
Preloading 0 native plugins for Editor in 0.00 ms.
Mono: successfully reloaded assembly
- Completed reload, in  1.660 seconds
Platform modules already initialized, skipping
Refreshing native plugins compatible for Editor in 0.35 ms, found 0 plugins.
Preloading 0 native plugins for Editor in 0.00 ms.
Unloading 1112 Unused Serialized files (Serialized files now loaded: 0)
System memory in use before: 60.6 MB.
System memory in use after: 60.7 MB.

Unloading 5 unused Assets to reduce memory usage. Loaded Objects now: 1644.
Total: 3.834100 ms (FindLiveObjects: 0.275400 ms CreateObjectMapping: 0.063800 ms MarkObjects: 3.377600 ms  DeleteObjects: 0.114600 ms)

========================================================================
Received Import Request.
  Time since last request: 1132.726726 seconds.
  path: Assets/Scripts/MouseLook.cs
  artifactKey: Guid(8c574064ad5e37d45b3f3a4f450b7a72) Importer(815301076,1909f56bfc062723c751e8b465ee728b)
Start importing Assets/Scripts/MouseLook.cs using Guid(8c574064ad5e37d45b3f3a4f450b7a72) Importer(815301076,1909f56bfc062723c751e8b465ee728b)  -> (artifact id: '2c1f40d38f1421fe3462686c33f51a76') in 0.011274 seconds
  Import took 0.016789 seconds .

========================================================================
Received Import Request.
  Time since last request: 0.003090 seconds.
  path: Assets/Scripts/MouseLook.cs
  artifactKey: Guid(8c574064ad5e37d45b3f3a4f450b7a72) Importer(815301076,1909f56bfc062723c751e8b465ee728b)
Start importing Assets/Scripts/MouseLook.cs using Guid(8c574064ad5e37d45b3f3a4f450b7a72) Importer(815301076,1909f56bfc062723c751e8b465ee728b)  -> (artifact id: '2c1f40d38f1421fe3462686c33f51a76') in 0.004855 seconds
  Import took 0.008835 seconds .

========================================================================
Received Import Request.
  Time since last request: 48.114987 seconds.
  path: Assets/Scripts/MouseLook.cs
  artifactKey: Guid(8c574064ad5e37d45b3f3a4f450b7a72) Importer(815301076,1909f56bfc062723c751e8b465ee728b)
Start importing Assets/Scripts/MouseLook.cs using Guid(8c574064ad5e37d45b3f3a4f450b7a72) Importer(815301076,1909f56bfc062723c751e8b465ee728b)  -> (artifact id: '34026b4f3977740f257056c000d8943e') in 0.004449 seconds
  Import took 0.008545 seconds .

========================================================================
Received Prepare
Registering precompiled user dll's ...
Registered in 0.001865 seconds.
Begin MonoManager ReloadAssembly
Native extension for WindowsStandalone target not found
Refreshing native plugins compatible for Editor in 0.25 ms, found 0 plugins.
Preloading 0 native plugins for Editor in 0.00 ms.
Mono: successfully reloaded assembly
- Completed reload, in  1.407 seconds
Platform modules already initialized, skipping
Refreshing native plugins compatible for Editor in 0.27 ms, found 0 plugins.
Preloading 0 native plugins for Editor in 0.00 ms.
Unloading 1112 Unused Serialized files (Serialized files now loaded: 0)
System memory in use before: 60.6 MB.
System memory in use after: 60.7 MB.

Unloading 5 unused Assets to reduce memory usage. Loaded Objects now: 1647.
Total: 2.545700 ms (FindLiveObjects: 0.217200 ms CreateObjectMapping: 0.045400 ms MarkObjects: 2.173100 ms  DeleteObjects: 0.108200 ms)

========================================================================
Received Import Request.
  Time since last request: 36.791527 seconds.
  path: Assets/Scripts/MouseLook.cs
  artifactKey: Guid(8c574064ad5e37d45b3f3a4f450b7a72) Importer(815301076,1909f56bfc062723c751e8b465ee728b)
Start importing Assets/Scripts/MouseLook.cs using Guid(8c574064ad5e37d45b3f3a4f450b7a72) Importer(815301076,1909f56bfc062723c751e8b465ee728b)  -> (artifact id: '8782e727dac96e154c5aba9c5cb00ed3') in 0.006294 seconds
  Import took 0.010910 seconds .

========================================================================
Received Prepare
Registering precompiled user dll's ...
Registered in 0.002176 seconds.
Begin MonoManager ReloadAssembly
Native extension for WindowsStandalone target not found
Refreshing native plugins compatible for Editor in 0.25 ms, found 0 plugins.
Preloading 0 native plugins for Editor in 0.00 ms.
Mono: successfully reloaded assembly
- Completed reload, in  1.336 seconds
Platform modules already initialized, skipping
Refreshing native plugins compatible for Editor in 0.31 ms, found 0 plugins.
Preloading 0 native plugins for Editor in 0.00 ms.
Unloading 1112 Unused Serialized files (Serialized files now loaded: 0)
System memory in use before: 60.6 MB.
System memory in use after: 60.7 MB.

Unloading 5 unused Assets to reduce memory usage. Loaded Objects now: 1650.
Total: 2.983000 ms (FindLiveObjects: 0.247700 ms CreateObjectMapping: 0.058200 ms MarkObjects: 2.576800 ms  DeleteObjects: 0.098200 ms)

========================================================================
Received Import Request.
  Time since last request: 161.211448 seconds.
  path: Assets/Scripts/MouseLook.cs
  artifactKey: Guid(8c574064ad5e37d45b3f3a4f450b7a72) Importer(815301076,1909f56bfc062723c751e8b465ee728b)
Start importing Assets/Scripts/MouseLook.cs using Guid(8c574064ad5e37d45b3f3a4f450b7a72) Importer(815301076,1909f56bfc062723c751e8b465ee728b)  -> (artifact id: '9b493e32479a225de156bc16f155b6ec') in 0.008169 seconds
  Import took 0.011555 seconds .

========================================================================
Received Prepare
Registering precompiled user dll's ...
Registered in 0.001675 seconds.
Begin MonoManager ReloadAssembly
Native extension for WindowsStandalone target not found
Refreshing native plugins compatible for Editor in 0.48 ms, found 0 plugins.
Preloading 0 native plugins for Editor in 0.00 ms.
Mono: successfully reloaded assembly
- Completed reload, in  1.893 seconds
Platform modules already initialized, skipping
Refreshing native plugins compatible for Editor in 0.43 ms, found 0 plugins.
Preloading 0 native plugins for Editor in 0.00 ms.
Unloading 1112 Unused Serialized files (Serialized files now loaded: 0)
System memory in use before: 60.6 MB.
System memory in use after: 60.7 MB.

Unloading 5 unused Assets to reduce memory usage. Loaded Objects now: 1653.
Total: 3.737900 ms (FindLiveObjects: 0.301600 ms CreateObjectMapping: 0.071700 ms MarkObjects: 3.249700 ms  DeleteObjects: 0.112300 ms)

========================================================================
Received Prepare
Registering precompiled user dll's ...
Registered in 0.001824 seconds.
Begin MonoManager ReloadAssembly
Native extension for WindowsStandalone target not found
Refreshing native plugins compatible for Editor in 0.31 ms, found 0 plugins.
Preloading 0 native plugins for Editor in 0.00 ms.
Mono: successfully reloaded assembly
- Completed reload, in  1.606 seconds
Platform modules already initialized, skipping
Refreshing native plugins compatible for Editor in 0.46 ms, found 0 plugins.
Preloading 0 native plugins for Editor in 0.00 ms.
Unloading 1112 Unused Serialized files (Serialized files now loaded: 0)
System memory in use before: 60.6 MB.
System memory in use after: 60.7 MB.

Unloading 5 unused Assets to reduce memory usage. Loaded Objects now: 1656.
Total: 4.005200 ms (FindLiveObjects: 0.279900 ms CreateObjectMapping: 0.072200 ms MarkObjects: 3.538000 ms  DeleteObjects: 0.111900 ms)

========================================================================
Received Import Request.
  Time since last request: 202.587886 seconds.
  path: Assets/Scripts/MouseLook.cs
  artifactKey: Guid(8c574064ad5e37d45b3f3a4f450b7a72) Importer(815301076,1909f56bfc062723c751e8b465ee728b)
Start importing Assets/Scripts/MouseLook.cs using Guid(8c574064ad5e37d45b3f3a4f450b7a72) Importer(815301076,1909f56bfc062723c751e8b465ee728b)  -> (artifact id: '21727341f33bd922dbd0c879548eeef2') in 0.010453 seconds
  Import took 0.015118 seconds .

========================================================================
Received Prepare
Registering precompiled user dll's ...
Registered in 0.001288 seconds.
Begin MonoManager ReloadAssembly
Native extension for WindowsStandalone target not found
Refreshing native plugins compatible for Editor in 0.48 ms, found 0 plugins.
Preloading 0 native plugins for Editor in 0.00 ms.
Mono: successfully reloaded assembly
- Completed reload, in  2.065 seconds
Platform modules already initialized, skipping
Refreshing native plugins compatible for Editor in 0.29 ms, found 0 plugins.
Preloading 0 native plugins for Editor in 0.00 ms.
Unloading 1112 Unused Serialized files (Serialized files now loaded: 0)
System memory in use before: 60.6 MB.
System memory in use after: 60.7 MB.

Unloading 5 unused Assets to reduce memory usage. Loaded Objects now: 1659.
Total: 4.073600 ms (FindLiveObjects: 0.358000 ms CreateObjectMapping: 0.062000 ms MarkObjects: 3.455800 ms  DeleteObjects: 0.193500 ms)

========================================================================
Received Prepare
Registering precompiled user dll's ...
Registered in 0.001260 seconds.
Begin MonoManager ReloadAssembly
Native extension for WindowsStandalone target not found
Refreshing native plugins compatible for Editor in 0.38 ms, found 0 plugins.
Preloading 0 native plugins for Editor in 0.00 ms.
Mono: successfully reloaded assembly
- Completed reload, in  1.755 seconds
Platform modules already initialized, skipping
Refreshing native plugins compatible for Editor in 0.52 ms, found 0 plugins.
Preloading 0 native plugins for Editor in 0.00 ms.
Unloading 1112 Unused Serialized files (Serialized files now loaded: 0)
System memory in use before: 60.6 MB.
System memory in use after: 60.7 MB.

Unloading 5 unused Assets to reduce memory usage. Loaded Objects now: 1662.
Total: 4.551600 ms (FindLiveObjects: 0.415300 ms CreateObjectMapping: 0.242800 ms MarkObjects: 3.769400 ms  DeleteObjects: 0.120500 ms)

========================================================================
Received Prepare
Registering precompiled user dll's ...
Registered in 0.001972 seconds.
Begin MonoManager ReloadAssembly
Native extension for WindowsStandalone target not found
Refreshing native plugins compatible for Editor in 0.51 ms, found 0 plugins.
Preloading 0 native plugins for Editor in 0.00 ms.
Mono: successfully reloaded assembly
- Completed reload, in  1.573 seconds
Platform modules already initialized, skipping
Refreshing native plugins compatible for Editor in 0.44 ms, found 0 plugins.
Preloading 0 native plugins for Editor in 0.00 ms.
Unloading 1112 Unused Serialized files (Serialized files now loaded: 0)
System memory in use before: 60.6 MB.
System memory in use after: 60.7 MB.

Unloading 5 unused Assets to reduce memory usage. Loaded Objects now: 1665.
Total: 4.642900 ms (FindLiveObjects: 0.320100 ms CreateObjectMapping: 0.048500 ms MarkObjects: 4.100900 ms  DeleteObjects: 0.170700 ms)

AssetImportWorkerClient::OnTransportError - code=2 error=End of file
